{"/home/travis/build/npmtest/node-npmtest-sbd/test.js":{"path":"/home/travis/build/npmtest/node-npmtest-sbd/test.js","s":{"1":2,"2":2,"3":2,"4":2,"5":2,"6":2,"7":2,"8":1,"9":2,"10":2,"11":1,"12":1,"13":1,"14":1,"15":2,"16":2,"17":2,"18":2,"19":1,"20":1,"21":2,"22":2,"23":2,"24":1,"25":1,"26":1,"27":1,"28":1,"29":1,"30":1,"31":1,"32":1,"33":1,"34":1,"35":1,"36":1,"37":1,"38":1,"39":2,"40":2,"41":1,"42":2,"43":2,"44":1,"45":2,"46":2,"47":1,"48":2,"49":2,"50":1,"51":1,"52":1,"53":1,"54":1},"b":{"1":[2,1,1,1],"2":[1,1,1,1],"3":[1,1],"4":[1,1],"5":[1,1],"6":[1,1],"7":[1,1],"8":[1,1],"9":[1,1],"10":[1,1,1],"11":[1,1],"12":[1,1],"13":[1,1],"14":[1,1],"15":[1,1],"16":[1,1],"17":[1,1]},"f":{"1":2,"2":2,"3":2,"4":2,"5":2,"6":1,"7":1,"8":1,"9":2,"10":2,"11":2,"12":2,"13":1},"fnMap":{"1":{"name":"(anonymous_1)","line":12,"loc":{"start":{"line":12,"column":1},"end":{"line":12,"column":13}}},"2":{"name":"(anonymous_2)","line":19,"loc":{"start":{"line":19,"column":5},"end":{"line":19,"column":17}}},"3":{"name":"(anonymous_3)","line":23,"loc":{"start":{"line":23,"column":24},"end":{"line":23,"column":36}}},"4":{"name":"(anonymous_4)","line":61,"loc":{"start":{"line":61,"column":5},"end":{"line":61,"column":17}}},"5":{"name":"(anonymous_5)","line":82,"loc":{"start":{"line":82,"column":5},"end":{"line":82,"column":17}}},"6":{"name":"(anonymous_6)","line":91,"loc":{"start":{"line":91,"column":77},"end":{"line":94,"column":10}}},"7":{"name":"(anonymous_7)","line":112,"loc":{"start":{"line":112,"column":83},"end":{"line":115,"column":10}},"skip":true},"8":{"name":"(anonymous_8)","line":123,"loc":{"start":{"line":123,"column":77},"end":{"line":126,"column":10}},"skip":true},"9":{"name":"(anonymous_9)","line":139,"loc":{"start":{"line":139,"column":12},"end":{"line":139,"column":40}},"skip":true},"10":{"name":"(anonymous_10)","line":147,"loc":{"start":{"line":147,"column":77},"end":{"line":150,"column":10}},"skip":true},"11":{"name":"(anonymous_11)","line":158,"loc":{"start":{"line":158,"column":83},"end":{"line":161,"column":10}},"skip":true},"12":{"name":"(anonymous_12)","line":169,"loc":{"start":{"line":169,"column":79},"end":{"line":172,"column":10}},"skip":true},"13":{"name":"(anonymous_13)","line":180,"loc":{"start":{"line":180,"column":75},"end":{"line":183,"column":10}},"skip":true}},"statementMap":{"1":{"start":{"line":12,"column":0},"end":{"line":195,"column":5}},"2":{"start":{"line":14,"column":4},"end":{"line":14,"column":14}},"3":{"start":{"line":19,"column":4},"end":{"line":56,"column":9}},"4":{"start":{"line":21,"column":8},"end":{"line":21,"column":19}},"5":{"start":{"line":23,"column":8},"end":{"line":35,"column":13}},"6":{"start":{"line":24,"column":12},"end":{"line":34,"column":13}},"7":{"start":{"line":25,"column":16},"end":{"line":28,"column":30}},"8":{"start":{"line":30,"column":16},"end":{"line":33,"column":27}},"9":{"start":{"line":37,"column":8},"end":{"line":39,"column":21}},"10":{"start":{"line":40,"column":8},"end":{"line":53,"column":9}},"11":{"start":{"line":43,"column":12},"end":{"line":46,"column":14}},"12":{"start":{"line":47,"column":12},"end":{"line":47,"column":18}},"13":{"start":{"line":50,"column":12},"end":{"line":51,"column":33}},"14":{"start":{"line":52,"column":12},"end":{"line":52,"column":18}},"15":{"start":{"line":55,"column":8},"end":{"line":55,"column":35}},"16":{"start":{"line":61,"column":4},"end":{"line":63,"column":9}},"17":{"start":{"line":62,"column":8},"end":{"line":62,"column":15}},"18":{"start":{"line":64,"column":4},"end":{"line":77,"column":5}},"19":{"start":{"line":70,"column":8},"end":{"line":70,"column":14}},"20":{"start":{"line":76,"column":8},"end":{"line":76,"column":14}},"21":{"start":{"line":82,"column":4},"end":{"line":84,"column":9}},"22":{"start":{"line":83,"column":8},"end":{"line":83,"column":15}},"23":{"start":{"line":85,"column":4},"end":{"line":194,"column":5}},"24":{"start":{"line":91,"column":8},"end":{"line":99,"column":10}},"25":{"start":{"line":98,"column":12},"end":{"line":98,"column":35}},"26":{"start":{"line":102,"column":8},"end":{"line":104,"column":63}},"27":{"start":{"line":105,"column":8},"end":{"line":105,"column":14}},"28":{"start":{"line":112,"column":8},"end":{"line":121,"column":10},"skip":true},"29":{"start":{"line":119,"column":12},"end":{"line":119,"column":55},"skip":true},"30":{"start":{"line":120,"column":12},"end":{"line":120,"column":48},"skip":true},"31":{"start":{"line":123,"column":8},"end":{"line":136,"column":10},"skip":true},"32":{"start":{"line":130,"column":12},"end":{"line":130,"column":76},"skip":true},"33":{"start":{"line":131,"column":12},"end":{"line":131,"column":73},"skip":true},"34":{"start":{"line":132,"column":12},"end":{"line":132,"column":74},"skip":true},"35":{"start":{"line":133,"column":12},"end":{"line":133,"column":79},"skip":true},"36":{"start":{"line":134,"column":12},"end":{"line":134,"column":25},"skip":true},"37":{"start":{"line":135,"column":12},"end":{"line":135,"column":45},"skip":true},"38":{"start":{"line":138,"column":8},"end":{"line":145,"column":14},"skip":true},"39":{"start":{"line":143,"column":16},"end":{"line":143,"column":29},"skip":true},"40":{"start":{"line":144,"column":16},"end":{"line":144,"column":55},"skip":true},"41":{"start":{"line":147,"column":8},"end":{"line":156,"column":10},"skip":true},"42":{"start":{"line":154,"column":12},"end":{"line":154,"column":25},"skip":true},"43":{"start":{"line":155,"column":12},"end":{"line":155,"column":45},"skip":true},"44":{"start":{"line":158,"column":8},"end":{"line":167,"column":10},"skip":true},"45":{"start":{"line":165,"column":12},"end":{"line":165,"column":25},"skip":true},"46":{"start":{"line":166,"column":12},"end":{"line":166,"column":48},"skip":true},"47":{"start":{"line":169,"column":8},"end":{"line":178,"column":10},"skip":true},"48":{"start":{"line":176,"column":12},"end":{"line":176,"column":25},"skip":true},"49":{"start":{"line":177,"column":12},"end":{"line":177,"column":46},"skip":true},"50":{"start":{"line":180,"column":8},"end":{"line":189,"column":10},"skip":true},"51":{"start":{"line":187,"column":12},"end":{"line":187,"column":94},"skip":true},"52":{"start":{"line":188,"column":12},"end":{"line":188,"column":48},"skip":true},"53":{"start":{"line":192,"column":8},"end":{"line":192,"column":35},"skip":true},"54":{"start":{"line":193,"column":8},"end":{"line":193,"column":14},"skip":true}},"branchMap":{"1":{"line":25,"type":"binary-expr","locations":[{"start":{"line":25,"column":23},"end":{"line":25,"column":62}},{"start":{"line":26,"column":20},"end":{"line":26,"column":70}},{"start":{"line":27,"column":20},"end":{"line":27,"column":71}},{"start":{"line":28,"column":20},"end":{"line":28,"column":29}}]},"2":{"line":30,"type":"binary-expr","locations":[{"start":{"line":30,"column":23},"end":{"line":30,"column":37}},{"start":{"line":31,"column":20},"end":{"line":31,"column":61}},{"start":{"line":32,"column":20},"end":{"line":32,"column":70}},{"start":{"line":33,"column":20},"end":{"line":33,"column":26}}]},"3":{"line":37,"type":"cond-expr","locations":[{"start":{"line":38,"column":14},"end":{"line":38,"column":20}},{"start":{"line":39,"column":14},"end":{"line":39,"column":20}}]},"4":{"line":40,"type":"switch","locations":[{"start":{"line":42,"column":8},"end":{"line":47,"column":18}},{"start":{"line":49,"column":8},"end":{"line":52,"column":18}}]},"5":{"line":44,"type":"binary-expr","locations":[{"start":{"line":44,"column":16},"end":{"line":44,"column":44}},{"start":{"line":44,"column":48},"end":{"line":44,"column":66}}]},"6":{"line":50,"type":"binary-expr","locations":[{"start":{"line":50,"column":21},"end":{"line":50,"column":49}},{"start":{"line":50,"column":53},"end":{"line":50,"column":72}}]},"7":{"line":64,"type":"switch","locations":[{"start":{"line":69,"column":4},"end":{"line":70,"column":14}},{"start":{"line":75,"column":4},"end":{"line":76,"column":14}}]},"8":{"line":85,"type":"switch","locations":[{"start":{"line":90,"column":4},"end":{"line":105,"column":14}},{"start":{"line":111,"column":4},"end":{"line":193,"column":14},"skip":true}]},"9":{"line":91,"type":"binary-expr","locations":[{"start":{"line":91,"column":42},"end":{"line":91,"column":73}},{"start":{"line":91,"column":77},"end":{"line":99,"column":9}}]},"10":{"line":102,"type":"binary-expr","locations":[{"start":{"line":102,"column":18},"end":{"line":102,"column":32}},{"start":{"line":103,"column":12},"end":{"line":103,"column":53}},{"start":{"line":104,"column":12},"end":{"line":104,"column":61}}]},"11":{"line":112,"type":"binary-expr","locations":[{"start":{"line":112,"column":45},"end":{"line":112,"column":79},"skip":true},{"start":{"line":112,"column":83},"end":{"line":121,"column":9},"skip":true}]},"12":{"line":123,"type":"binary-expr","locations":[{"start":{"line":123,"column":42},"end":{"line":123,"column":73},"skip":true},{"start":{"line":123,"column":77},"end":{"line":136,"column":9},"skip":true}]},"13":{"line":138,"type":"binary-expr","locations":[{"start":{"line":138,"column":48},"end":{"line":138,"column":85},"skip":true},{"start":{"line":139,"column":12},"end":{"line":145,"column":13},"skip":true}]},"14":{"line":147,"type":"binary-expr","locations":[{"start":{"line":147,"column":42},"end":{"line":147,"column":73},"skip":true},{"start":{"line":147,"column":77},"end":{"line":156,"column":9},"skip":true}]},"15":{"line":158,"type":"binary-expr","locations":[{"start":{"line":158,"column":45},"end":{"line":158,"column":79},"skip":true},{"start":{"line":158,"column":83},"end":{"line":167,"column":9},"skip":true}]},"16":{"line":169,"type":"binary-expr","locations":[{"start":{"line":169,"column":43},"end":{"line":169,"column":75},"skip":true},{"start":{"line":169,"column":79},"end":{"line":178,"column":9},"skip":true}]},"17":{"line":180,"type":"binary-expr","locations":[{"start":{"line":180,"column":41},"end":{"line":180,"column":71},"skip":true},{"start":{"line":180,"column":75},"end":{"line":189,"column":9},"skip":true}]}},"code":["/* istanbul instrument in package npmtest_sbd */","/*jslint","    bitwise: true,","    browser: true,","    maxerr: 8,","    maxlen: 96,","    node: true,","    nomen: true,","    regexp: true,","    stupid: true","*/","(function () {","    'use strict';","    var local;","","","","    // run shared js-env code - pre-init","    (function () {","        // init local","        local = {};","        // init modeJs","        local.modeJs = (function () {","            try {","                return typeof navigator.userAgent === 'string' &&","                    typeof document.querySelector('body') === 'object' &&","                    typeof XMLHttpRequest.prototype.open === 'function' &&","                    'browser';","            } catch (errorCaughtBrowser) {","                return module.exports &&","                    typeof process.versions.node === 'string' &&","                    typeof require('http').createServer === 'function' &&","                    'node';","            }","        }());","        // init global","        local.global = local.modeJs === 'browser'","            ? window","            : global;","        switch (local.modeJs) {","        // re-init local from window.local","        case 'browser':","            local = local.global.utility2.objectSetDefault(","                local.global.utility2_rollup || local.global.local,","                local.global.utility2","            );","            break;","        // re-init local from example.js","        case 'node':","            local = (local.global.utility2_rollup || require('utility2'))","                .requireReadme();","            break;","        }","        // export local","        local.global.local = local;","    }());","","","","    // run shared js-env code - function","    (function () {","        return;","    }());","    switch (local.modeJs) {","","","","    // run browser js-env code - function","    case 'browser':","        break;","","","","    // run node js-env code - function","    case 'node':","        break;","    }","","","","    // run shared js-env code - post-init","    (function () {","        return;","    }());","    switch (local.modeJs) {","","","","    // run browser js-env code - post-init","    case 'browser':","        local.testCase_browser_nullCase = local.testCase_browser_nullCase || function (","            options,","            onError","        ) {","        /*","         * this function will test browsers's null-case handling-behavior-behavior","         */","            onError(null, options);","        };","","        // run tests","        local.nop(local.modeTest &&","            document.querySelector('#testRunButton1') &&","            document.querySelector('#testRunButton1').click());","        break;","","","","    // run node js-env code - post-init","    /* istanbul ignore next */","    case 'node':","        local.testCase_buildApidoc_default = local.testCase_buildApidoc_default || function (","            options,","            onError","        ) {","        /*","         * this function will test buildApidoc's default handling-behavior-behavior","         */","            options = { modulePathList: module.paths };","            local.buildApidoc(options, onError);","        };","","        local.testCase_buildApp_default = local.testCase_buildApp_default || function (","            options,","            onError","        ) {","        /*","         * this function will test buildApp's default handling-behavior-behavior","         */","            local.testCase_buildReadme_default(options, local.onErrorThrow);","            local.testCase_buildLib_default(options, local.onErrorThrow);","            local.testCase_buildTest_default(options, local.onErrorThrow);","            local.testCase_buildCustomOrg_default(options, local.onErrorThrow);","            options = [];","            local.buildApp(options, onError);","        };","","        local.testCase_buildCustomOrg_default = local.testCase_buildCustomOrg_default ||","            function (options, onError) {","            /*","             * this function will test buildCustomOrg's default handling-behavior","             */","                options = {};","                local.buildCustomOrg(options, onError);","            };","","        local.testCase_buildLib_default = local.testCase_buildLib_default || function (","            options,","            onError","        ) {","        /*","         * this function will test buildLib's default handling-behavior","         */","            options = {};","            local.buildLib(options, onError);","        };","","        local.testCase_buildReadme_default = local.testCase_buildReadme_default || function (","            options,","            onError","        ) {","        /*","         * this function will test buildReadme's default handling-behavior-behavior","         */","            options = {};","            local.buildReadme(options, onError);","        };","","        local.testCase_buildTest_default = local.testCase_buildTest_default || function (","            options,","            onError","        ) {","        /*","         * this function will test buildTest's default handling-behavior","         */","            options = {};","            local.buildTest(options, onError);","        };","","        local.testCase_webpage_default = local.testCase_webpage_default || function (","            options,","            onError","        ) {","        /*","         * this function will test webpage's default handling-behavior","         */","            options = { modeCoverageMerge: true, url: local.serverLocalHost + '?modeTest=1' };","            local.browserTest(options, onError);","        };","","        // run test-server","        local.testRunServer(local);","        break;","    }","}());",""],"l":{"12":2,"14":2,"19":2,"21":2,"23":2,"24":2,"25":2,"30":1,"37":2,"40":2,"43":1,"47":1,"50":1,"52":1,"55":2,"61":2,"62":2,"64":2,"70":1,"76":1,"82":2,"83":2,"85":2,"91":1,"98":1,"102":1,"105":1,"112":1,"119":1,"120":1,"123":1,"130":1,"131":1,"132":1,"133":1,"134":1,"135":1,"138":1,"143":2,"144":2,"147":1,"154":2,"155":2,"158":1,"165":2,"166":2,"169":1,"176":2,"177":2,"180":1,"187":1,"188":1,"192":1,"193":1}},"/home/travis/build/npmtest/node-npmtest-sbd/lib.npmtest_sbd.js":{"path":"/home/travis/build/npmtest/node-npmtest-sbd/lib.npmtest_sbd.js","s":{"1":2,"2":2,"3":2,"4":2,"5":2,"6":2,"7":2,"8":1,"9":2,"10":2,"11":2,"12":2,"13":1,"14":1,"15":1,"16":1},"b":{"1":[2,1,1,1],"2":[1,1,1,1],"3":[1,1],"4":[2,2],"5":[1,1]},"f":{"1":2,"2":2,"3":2},"fnMap":{"1":{"name":"(anonymous_1)","line":12,"loc":{"start":{"line":12,"column":1},"end":{"line":12,"column":13}}},"2":{"name":"(anonymous_2)","line":19,"loc":{"start":{"line":19,"column":5},"end":{"line":19,"column":17}}},"3":{"name":"(anonymous_3)","line":23,"loc":{"start":{"line":23,"column":24},"end":{"line":23,"column":36}}}},"statementMap":{"1":{"start":{"line":12,"column":0},"end":{"line":53,"column":5}},"2":{"start":{"line":14,"column":4},"end":{"line":14,"column":14}},"3":{"start":{"line":19,"column":4},"end":{"line":52,"column":9}},"4":{"start":{"line":21,"column":8},"end":{"line":21,"column":19}},"5":{"start":{"line":23,"column":8},"end":{"line":35,"column":13}},"6":{"start":{"line":24,"column":12},"end":{"line":34,"column":13}},"7":{"start":{"line":25,"column":16},"end":{"line":28,"column":30}},"8":{"start":{"line":30,"column":16},"end":{"line":33,"column":27}},"9":{"start":{"line":37,"column":8},"end":{"line":39,"column":21}},"10":{"start":{"line":41,"column":8},"end":{"line":41,"column":54}},"11":{"start":{"line":43,"column":8},"end":{"line":43,"column":48}},"12":{"start":{"line":45,"column":8},"end":{"line":51,"column":9}},"13":{"start":{"line":46,"column":12},"end":{"line":46,"column":54}},"14":{"start":{"line":48,"column":12},"end":{"line":48,"column":35}},"15":{"start":{"line":49,"column":12},"end":{"line":49,"column":49}},"16":{"start":{"line":50,"column":12},"end":{"line":50,"column":43}}},"branchMap":{"1":{"line":25,"type":"binary-expr","locations":[{"start":{"line":25,"column":23},"end":{"line":25,"column":62}},{"start":{"line":26,"column":20},"end":{"line":26,"column":70}},{"start":{"line":27,"column":20},"end":{"line":27,"column":71}},{"start":{"line":28,"column":20},"end":{"line":28,"column":29}}]},"2":{"line":30,"type":"binary-expr","locations":[{"start":{"line":30,"column":23},"end":{"line":30,"column":37}},{"start":{"line":31,"column":20},"end":{"line":31,"column":61}},{"start":{"line":32,"column":20},"end":{"line":32,"column":70}},{"start":{"line":33,"column":20},"end":{"line":33,"column":26}}]},"3":{"line":37,"type":"cond-expr","locations":[{"start":{"line":38,"column":14},"end":{"line":38,"column":20}},{"start":{"line":39,"column":14},"end":{"line":39,"column":20}}]},"4":{"line":41,"type":"binary-expr","locations":[{"start":{"line":41,"column":16},"end":{"line":41,"column":44}},{"start":{"line":41,"column":48},"end":{"line":41,"column":53}}]},"5":{"line":45,"type":"if","locations":[{"start":{"line":45,"column":8},"end":{"line":45,"column":8}},{"start":{"line":45,"column":8},"end":{"line":45,"column":8}}]}},"code":["/* istanbul instrument in package npmtest_sbd */","/*jslint","    bitwise: true,","    browser: true,","    maxerr: 8,","    maxlen: 96,","    node: true,","    nomen: true,","    regexp: true,","    stupid: true","*/","(function () {","    'use strict';","    var local;","","","","    // run shared js-env code - pre-init","    (function () {","        // init local","        local = {};","        // init modeJs","        local.modeJs = (function () {","            try {","                return typeof navigator.userAgent === 'string' &&","                    typeof document.querySelector('body') === 'object' &&","                    typeof XMLHttpRequest.prototype.open === 'function' &&","                    'browser';","            } catch (errorCaughtBrowser) {","                return module.exports &&","                    typeof process.versions.node === 'string' &&","                    typeof require('http').createServer === 'function' &&","                    'node';","            }","        }());","        // init global","        local.global = local.modeJs === 'browser'","            ? window","            : global;","        // init utility2_rollup","        local = local.global.utility2_rollup || local;","        // init lib","        local.local = local.npmtest_sbd = local;","        // init exports","        if (local.modeJs === 'browser') {","            local.global.utility2_npmtest_sbd = local;","        } else {","            module.exports = local;","            module.exports.__dirname = __dirname;","            module.exports.module = module;","        }","    }());","}());",""],"l":{"12":2,"14":2,"19":2,"21":2,"23":2,"24":2,"25":2,"30":1,"37":2,"41":2,"43":2,"45":2,"46":1,"48":1,"49":1,"50":1}},"/home/travis/build/npmtest/node-npmtest-sbd/example.js":{"path":"/home/travis/build/npmtest/node-npmtest-sbd/example.js","s":{"1":2,"2":2,"3":2,"4":2,"5":2,"6":2,"7":2,"8":1,"9":2,"10":2,"11":2,"12":2,"13":1,"14":2,"15":2,"16":2,"17":2,"18":2,"19":0,"20":2,"21":1,"22":1,"23":1,"24":1,"25":1,"26":0,"27":0,"28":1,"29":1,"30":2,"31":0,"32":0,"33":0,"34":1,"35":2,"36":2,"37":3,"38":3,"39":3,"40":3,"41":0,"42":3,"43":3,"44":3,"45":1,"46":3,"47":1,"48":1,"49":1,"50":1,"51":1,"52":1,"53":1,"54":1,"55":1,"56":1,"57":0,"58":1,"59":6,"60":6,"61":1,"62":2,"63":0,"64":2,"65":1,"66":1,"67":0,"68":0,"69":0,"70":0,"71":0,"72":0,"73":0,"74":0,"75":0,"76":0,"77":0,"78":0,"79":0,"80":0,"81":0,"82":0,"83":0},"b":{"1":[2,1,1,1],"2":[1,1,1,1],"3":[1,1],"4":[2,2],"5":[1,1],"6":[1,1],"7":[2,0],"8":[2,1,1,1,1,1],"9":[0,2,0],"10":[1,1],"11":[2,1,1],"12":[1,0],"13":[0,2],"14":[2,0,0,0,0,0,0],"15":[0,3],"16":[3,0],"17":[1,1],"18":[0,1],"19":[1,2,0,2],"20":[1,0],"21":[1,1],"22":[0,0],"23":[0,0],"24":[0,0],"25":[0,0],"26":[0,0],"27":[0,0],"28":[0,0]},"f":{"1":2,"2":2,"3":2,"4":2,"5":2,"6":2,"7":3,"8":3,"9":3,"10":1,"11":6,"12":0},"fnMap":{"1":{"name":"(anonymous_1)","line":26,"loc":{"start":{"line":26,"column":1},"end":{"line":26,"column":13}}},"2":{"name":"(anonymous_2)","line":33,"loc":{"start":{"line":33,"column":5},"end":{"line":33,"column":17}}},"3":{"name":"(anonymous_3)","line":37,"loc":{"start":{"line":37,"column":24},"end":{"line":37,"column":36}}},"4":{"name":"(anonymous_4)","line":69,"loc":{"start":{"line":69,"column":31},"end":{"line":69,"column":48}},"skip":true},"5":{"name":"(anonymous_5)","line":78,"loc":{"start":{"line":78,"column":26},"end":{"line":78,"column":45}},"skip":true},"6":{"name":"(anonymous_6)","line":123,"loc":{"start":{"line":123,"column":33},"end":{"line":123,"column":48}},"skip":true},"7":{"name":"(anonymous_7)","line":125,"loc":{"start":{"line":125,"column":27},"end":{"line":125,"column":39}},"skip":true},"8":{"name":"(anonymous_8)","line":133,"loc":{"start":{"line":133,"column":59},"end":{"line":133,"column":74}},"skip":true},"9":{"name":"(anonymous_9)","line":143,"loc":{"start":{"line":143,"column":45},"end":{"line":143,"column":62}},"skip":true},"10":{"name":"(anonymous_10)","line":144,"loc":{"start":{"line":144,"column":73},"end":{"line":144,"column":92}},"skip":true},"11":{"name":"(anonymous_11)","line":272,"loc":{"start":{"line":272,"column":51},"end":{"line":272,"column":77}},"skip":true},"12":{"name":"(anonymous_12)","line":315,"loc":{"start":{"line":315,"column":32},"end":{"line":315,"column":61}},"skip":true}},"statementMap":{"1":{"start":{"line":26,"column":0},"end":{"line":326,"column":5}},"2":{"start":{"line":28,"column":4},"end":{"line":28,"column":14}},"3":{"start":{"line":33,"column":4},"end":{"line":60,"column":9}},"4":{"start":{"line":35,"column":8},"end":{"line":35,"column":19}},"5":{"start":{"line":37,"column":8},"end":{"line":49,"column":13}},"6":{"start":{"line":38,"column":12},"end":{"line":48,"column":13}},"7":{"start":{"line":39,"column":16},"end":{"line":42,"column":30}},"8":{"start":{"line":44,"column":16},"end":{"line":47,"column":27}},"9":{"start":{"line":51,"column":8},"end":{"line":53,"column":21}},"10":{"start":{"line":55,"column":8},"end":{"line":57,"column":45}},"11":{"start":{"line":59,"column":8},"end":{"line":59,"column":35}},"12":{"start":{"line":61,"column":4},"end":{"line":325,"column":5}},"13":{"start":{"line":69,"column":8},"end":{"line":121,"column":10},"skip":true},"14":{"start":{"line":70,"column":12},"end":{"line":88,"column":13},"skip":true},"15":{"start":{"line":76,"column":16},"end":{"line":87,"column":19},"skip":true},"16":{"start":{"line":79,"column":20},"end":{"line":86,"column":21},"skip":true},"17":{"start":{"line":82,"column":24},"end":{"line":82,"column":43},"skip":true},"18":{"start":{"line":83,"column":24},"end":{"line":83,"column":30},"skip":true},"19":{"start":{"line":85,"column":24},"end":{"line":85,"column":49},"skip":true},"20":{"start":{"line":89,"column":12},"end":{"line":107,"column":13},"skip":true},"21":{"start":{"line":92,"column":16},"end":{"line":102,"column":17},"skip":true},"22":{"start":{"line":93,"column":20},"end":{"line":93,"column":86},"skip":true},"23":{"start":{"line":94,"column":20},"end":{"line":95,"column":45},"skip":true},"24":{"start":{"line":96,"column":20},"end":{"line":96,"column":42},"skip":true},"25":{"start":{"line":97,"column":20},"end":{"line":97,"column":48},"skip":true},"26":{"start":{"line":100,"column":20},"end":{"line":100,"column":85},"skip":true},"27":{"start":{"line":101,"column":20},"end":{"line":101,"column":96},"skip":true},"28":{"start":{"line":103,"column":16},"end":{"line":103,"column":22},"skip":true},"29":{"start":{"line":106,"column":16},"end":{"line":106,"column":22},"skip":true},"30":{"start":{"line":108,"column":12},"end":{"line":120,"column":13},"skip":true},"31":{"start":{"line":114,"column":16},"end":{"line":119,"column":17},"skip":true},"32":{"start":{"line":116,"column":20},"end":{"line":116,"column":78},"skip":true},"33":{"start":{"line":118,"column":20},"end":{"line":118,"column":47},"skip":true},"34":{"start":{"line":123,"column":8},"end":{"line":141,"column":11},"skip":true},"35":{"start":{"line":124,"column":12},"end":{"line":124,"column":54},"skip":true},"36":{"start":{"line":125,"column":12},"end":{"line":140,"column":14},"skip":true},"37":{"start":{"line":126,"column":16},"end":{"line":126,"column":28},"skip":true},"38":{"start":{"line":127,"column":16},"end":{"line":127,"column":69},"skip":true},"39":{"start":{"line":128,"column":16},"end":{"line":128,"column":75},"skip":true},"40":{"start":{"line":129,"column":16},"end":{"line":131,"column":17},"skip":true},"41":{"start":{"line":130,"column":20},"end":{"line":130,"column":27},"skip":true},"42":{"start":{"line":133,"column":16},"end":{"line":137,"column":36},"skip":true},"43":{"start":{"line":134,"column":20},"end":{"line":136,"column":55},"skip":true},"44":{"start":{"line":139,"column":16},"end":{"line":139,"column":57},"skip":true},"45":{"start":{"line":143,"column":8},"end":{"line":147,"column":11},"skip":true},"46":{"start":{"line":144,"column":12},"end":{"line":146,"column":15},"skip":true},"47":{"start":{"line":145,"column":16},"end":{"line":145,"column":70},"skip":true},"48":{"start":{"line":149,"column":8},"end":{"line":149,"column":31},"skip":true},"49":{"start":{"line":150,"column":8},"end":{"line":150,"column":14},"skip":true},"50":{"start":{"line":158,"column":8},"end":{"line":158,"column":31},"skip":true},"51":{"start":{"line":160,"column":8},"end":{"line":160,"column":33},"skip":true},"52":{"start":{"line":161,"column":8},"end":{"line":161,"column":37},"skip":true},"53":{"start":{"line":162,"column":8},"end":{"line":162,"column":35},"skip":true},"54":{"start":{"line":164,"column":8},"end":{"line":164,"column":50},"skip":true},"55":{"start":{"line":166,"column":8},"end":{"line":256,"column":2},"skip":true},"56":{"start":{"line":258,"column":8},"end":{"line":286,"column":9},"skip":true},"57":{"start":{"line":259,"column":12},"end":{"line":269,"column":14},"skip":true},"58":{"start":{"line":271,"column":12},"end":{"line":285,"column":19},"skip":true},"59":{"start":{"line":274,"column":20},"end":{"line":274,"column":35},"skip":true},"60":{"start":{"line":275,"column":20},"end":{"line":284,"column":21},"skip":true},"61":{"start":{"line":277,"column":24},"end":{"line":277,"column":64},"skip":true},"62":{"start":{"line":279,"column":24},"end":{"line":279,"column":40},"skip":true},"63":{"start":{"line":281,"column":24},"end":{"line":281,"column":40},"skip":true},"64":{"start":{"line":283,"column":24},"end":{"line":283,"column":39},"skip":true},"65":{"start":{"line":288,"column":8},"end":{"line":290,"column":9},"skip":true},"66":{"start":{"line":289,"column":12},"end":{"line":289,"column":18},"skip":true},"67":{"start":{"line":291,"column":8},"end":{"line":293,"column":54},"skip":true},"68":{"start":{"line":296,"column":8},"end":{"line":301,"column":37},"skip":true},"69":{"start":{"line":303,"column":8},"end":{"line":303,"column":82},"skip":true},"70":{"start":{"line":306,"column":8},"end":{"line":308,"column":9},"skip":true},"71":{"start":{"line":307,"column":12},"end":{"line":307,"column":82},"skip":true},"72":{"start":{"line":310,"column":8},"end":{"line":312,"column":9},"skip":true},"73":{"start":{"line":311,"column":12},"end":{"line":311,"column":18},"skip":true},"74":{"start":{"line":313,"column":8},"end":{"line":313,"column":54},"skip":true},"75":{"start":{"line":314,"column":8},"end":{"line":314,"column":69},"skip":true},"76":{"start":{"line":315,"column":8},"end":{"line":323,"column":36},"skip":true},"77":{"start":{"line":316,"column":12},"end":{"line":316,"column":61},"skip":true},"78":{"start":{"line":317,"column":12},"end":{"line":320,"column":13},"skip":true},"79":{"start":{"line":318,"column":16},"end":{"line":318,"column":75},"skip":true},"80":{"start":{"line":319,"column":16},"end":{"line":319,"column":23},"skip":true},"81":{"start":{"line":321,"column":12},"end":{"line":321,"column":38},"skip":true},"82":{"start":{"line":322,"column":12},"end":{"line":322,"column":27},"skip":true},"83":{"start":{"line":324,"column":8},"end":{"line":324,"column":14},"skip":true}},"branchMap":{"1":{"line":39,"type":"binary-expr","locations":[{"start":{"line":39,"column":23},"end":{"line":39,"column":62}},{"start":{"line":40,"column":20},"end":{"line":40,"column":70}},{"start":{"line":41,"column":20},"end":{"line":41,"column":71}},{"start":{"line":42,"column":20},"end":{"line":42,"column":29}}]},"2":{"line":44,"type":"binary-expr","locations":[{"start":{"line":44,"column":23},"end":{"line":44,"column":37}},{"start":{"line":45,"column":20},"end":{"line":45,"column":61}},{"start":{"line":46,"column":20},"end":{"line":46,"column":70}},{"start":{"line":47,"column":20},"end":{"line":47,"column":26}}]},"3":{"line":51,"type":"cond-expr","locations":[{"start":{"line":52,"column":14},"end":{"line":52,"column":20}},{"start":{"line":53,"column":14},"end":{"line":53,"column":20}}]},"4":{"line":55,"type":"binary-expr","locations":[{"start":{"line":55,"column":16},"end":{"line":55,"column":44}},{"start":{"line":55,"column":49},"end":{"line":57,"column":43}}]},"5":{"line":55,"type":"cond-expr","locations":[{"start":{"line":56,"column":14},"end":{"line":56,"column":47}},{"start":{"line":57,"column":14},"end":{"line":57,"column":43}}]},"6":{"line":61,"type":"switch","locations":[{"start":{"line":68,"column":4},"end":{"line":150,"column":14},"skip":true},{"start":{"line":156,"column":4},"end":{"line":324,"column":14},"skip":true}]},"7":{"line":70,"type":"if","locations":[{"start":{"line":70,"column":12},"end":{"line":70,"column":12},"skip":true},{"start":{"line":70,"column":12},"end":{"line":70,"column":12},"skip":true}]},"8":{"line":70,"type":"binary-expr","locations":[{"start":{"line":70,"column":16},"end":{"line":70,"column":22},"skip":true},{"start":{"line":70,"column":27},"end":{"line":70,"column":32},"skip":true},{"start":{"line":71,"column":20},"end":{"line":71,"column":39},"skip":true},{"start":{"line":72,"column":20},"end":{"line":72,"column":49},"skip":true},{"start":{"line":73,"column":20},"end":{"line":73,"column":58},"skip":true},{"start":{"line":74,"column":20},"end":{"line":74,"column":69},"skip":true}]},"9":{"line":79,"type":"switch","locations":[{"start":{"line":80,"column":20},"end":{"line":80,"column":33},"skip":true},{"start":{"line":81,"column":20},"end":{"line":83,"column":30},"skip":true},{"start":{"line":84,"column":20},"end":{"line":85,"column":49},"skip":true}]},"10":{"line":89,"type":"switch","locations":[{"start":{"line":90,"column":12},"end":{"line":103,"column":22},"skip":true},{"start":{"line":105,"column":12},"end":{"line":106,"column":22},"skip":true}]},"11":{"line":89,"type":"binary-expr","locations":[{"start":{"line":89,"column":20},"end":{"line":89,"column":25},"skip":true},{"start":{"line":89,"column":29},"end":{"line":89,"column":48},"skip":true},{"start":{"line":89,"column":52},"end":{"line":89,"column":74},"skip":true}]},"12":{"line":92,"type":"if","locations":[{"start":{"line":92,"column":16},"end":{"line":92,"column":16},"skip":true},{"start":{"line":92,"column":16},"end":{"line":92,"column":16},"skip":true}]},"13":{"line":108,"type":"if","locations":[{"start":{"line":108,"column":12},"end":{"line":108,"column":12},"skip":true},{"start":{"line":108,"column":12},"end":{"line":108,"column":12},"skip":true}]},"14":{"line":108,"type":"binary-expr","locations":[{"start":{"line":108,"column":16},"end":{"line":108,"column":61},"skip":true},{"start":{"line":108,"column":66},"end":{"line":108,"column":72},"skip":true},{"start":{"line":108,"column":77},"end":{"line":108,"column":82},"skip":true},{"start":{"line":109,"column":20},"end":{"line":109,"column":39},"skip":true},{"start":{"line":110,"column":20},"end":{"line":110,"column":49},"skip":true},{"start":{"line":111,"column":20},"end":{"line":111,"column":58},"skip":true},{"start":{"line":112,"column":20},"end":{"line":112,"column":68},"skip":true}]},"15":{"line":129,"type":"if","locations":[{"start":{"line":129,"column":16},"end":{"line":129,"column":16},"skip":true},{"start":{"line":129,"column":16},"end":{"line":129,"column":16},"skip":true}]},"16":{"line":134,"type":"cond-expr","locations":[{"start":{"line":135,"column":26},"end":{"line":135,"column":29},"skip":true},{"start":{"line":136,"column":26},"end":{"line":136,"column":54},"skip":true}]},"17":{"line":164,"type":"binary-expr","locations":[{"start":{"line":164,"column":27},"end":{"line":164,"column":43},"skip":true},{"start":{"line":164,"column":47},"end":{"line":164,"column":49},"skip":true}]},"18":{"line":258,"type":"if","locations":[{"start":{"line":258,"column":8},"end":{"line":258,"column":8},"skip":true},{"start":{"line":258,"column":8},"end":{"line":258,"column":8},"skip":true}]},"19":{"line":275,"type":"switch","locations":[{"start":{"line":276,"column":20},"end":{"line":277,"column":64},"skip":true},{"start":{"line":278,"column":20},"end":{"line":279,"column":40},"skip":true},{"start":{"line":280,"column":20},"end":{"line":281,"column":40},"skip":true},{"start":{"line":282,"column":20},"end":{"line":283,"column":39},"skip":true}]},"20":{"line":288,"type":"if","locations":[{"start":{"line":288,"column":8},"end":{"line":288,"column":8},"skip":true},{"start":{"line":288,"column":8},"end":{"line":288,"column":8},"skip":true}]},"21":{"line":288,"type":"binary-expr","locations":[{"start":{"line":288,"column":12},"end":{"line":288,"column":40},"skip":true},{"start":{"line":288,"column":44},"end":{"line":288,"column":67},"skip":true}]},"22":{"line":292,"type":"binary-expr","locations":[{"start":{"line":292,"column":12},"end":{"line":292,"column":50},"skip":true},{"start":{"line":293,"column":12},"end":{"line":293,"column":53},"skip":true}]},"23":{"line":297,"type":"binary-expr","locations":[{"start":{"line":297,"column":12},"end":{"line":297,"column":61},"skip":true},{"start":{"line":298,"column":12},"end":{"line":301,"column":36},"skip":true}]},"24":{"line":303,"type":"binary-expr","locations":[{"start":{"line":303,"column":43},"end":{"line":303,"column":75},"skip":true},{"start":{"line":303,"column":79},"end":{"line":303,"column":81},"skip":true}]},"25":{"line":306,"type":"if","locations":[{"start":{"line":306,"column":8},"end":{"line":306,"column":8},"skip":true},{"start":{"line":306,"column":8},"end":{"line":306,"column":8},"skip":true}]},"26":{"line":310,"type":"if","locations":[{"start":{"line":310,"column":8},"end":{"line":310,"column":8},"skip":true},{"start":{"line":310,"column":8},"end":{"line":310,"column":8},"skip":true}]},"27":{"line":313,"type":"binary-expr","locations":[{"start":{"line":313,"column":27},"end":{"line":313,"column":43},"skip":true},{"start":{"line":313,"column":47},"end":{"line":313,"column":53},"skip":true}]},"28":{"line":317,"type":"if","locations":[{"start":{"line":317,"column":12},"end":{"line":317,"column":12},"skip":true},{"start":{"line":317,"column":12},"end":{"line":317,"column":12},"skip":true}]}},"code":["/*","example.js","","quickstart example","","instruction","    1. save this script as example.js","    2. run the shell command:","        $ npm install npmtest-sbd && PORT=8081 node example.js","    3. play with the browser-demo on http://127.0.0.1:8081","*/","","","","/* istanbul instrument in package npmtest_sbd */","/*jslint","    bitwise: true,","    browser: true,","    maxerr: 8,","    maxlen: 96,","    node: true,","    nomen: true,","    regexp: true,","    stupid: true","*/","(function () {","    'use strict';","    var local;","","","","    // run shared js-env code - pre-init","    (function () {","        // init local","        local = {};","        // init modeJs","        local.modeJs = (function () {","            try {","                return typeof navigator.userAgent === 'string' &&","                    typeof document.querySelector('body') === 'object' &&","                    typeof XMLHttpRequest.prototype.open === 'function' &&","                    'browser';","            } catch (errorCaughtBrowser) {","                return module.exports &&","                    typeof process.versions.node === 'string' &&","                    typeof require('http').createServer === 'function' &&","                    'node';","            }","        }());","        // init global","        local.global = local.modeJs === 'browser'","            ? window","            : global;","        // init utility2_rollup","        local = local.global.utility2_rollup || (local.modeJs === 'browser'","            ? local.global.utility2_npmtest_sbd","            : global.utility2_moduleExports);","        // export local","        local.global.local = local;","    }());","    switch (local.modeJs) {","","","","    // post-init","    // run browser js-env code - post-init","    /* istanbul ignore next */","    case 'browser':","        local.testRunBrowser = function (event) {","            if (!event || (event &&","                    event.currentTarget &&","                    event.currentTarget.className &&","                    event.currentTarget.className.includes &&","                    event.currentTarget.className.includes('onreset'))) {","                // reset output","                Array.from(","                    document.querySelectorAll('body > .resettable')","                ).forEach(function (element) {","                    switch (element.tagName) {","                    case 'INPUT':","                    case 'TEXTAREA':","                        element.value = '';","                        break;","                    default:","                        element.textContent = '';","                    }","                });","            }","            switch (event && event.currentTarget && event.currentTarget.id) {","            case 'testRunButton1':","                // show tests","                if (document.querySelector('#testReportDiv1').style.display === 'none') {","                    document.querySelector('#testReportDiv1').style.display = 'block';","                    document.querySelector('#testRunButton1').textContent =","                        'hide internal test';","                    local.modeTest = true;","                    local.testRunDefault(local);","                // hide tests","                } else {","                    document.querySelector('#testReportDiv1').style.display = 'none';","                    document.querySelector('#testRunButton1').textContent = 'run internal test';","                }","                break;","            // custom-case","            default:","                break;","            }","            if (document.querySelector('#inputTextareaEval1') && (!event || (event &&","                    event.currentTarget &&","                    event.currentTarget.className &&","                    event.currentTarget.className.includes &&","                    event.currentTarget.className.includes('oneval')))) {","                // try to eval input-code","                try {","                    /*jslint evil: true*/","                    eval(document.querySelector('#inputTextareaEval1').value);","                } catch (errorCaught) {","                    console.error(errorCaught);","                }","            }","        };","        // log stderr and stdout to #outputTextareaStdout1","        ['error', 'log'].forEach(function (key) {","            console[key + '_original'] = console[key];","            console[key] = function () {","                var element;","                console[key + '_original'].apply(console, arguments);","                element = document.querySelector('#outputTextareaStdout1');","                if (!element) {","                    return;","                }","                // append text to #outputTextareaStdout1","                element.value += Array.from(arguments).map(function (arg) {","                    return typeof arg === 'string'","                        ? arg","                        : JSON.stringify(arg, null, 4);","                }).join(' ') + '\\n';","                // scroll textarea to bottom","                element.scrollTop = element.scrollHeight;","            };","        });","        // init event-handling","        ['change', 'click', 'keyup'].forEach(function (event) {","            Array.from(document.querySelectorAll('.on' + event)).forEach(function (element) {","                element.addEventListener(event, local.testRunBrowser);","            });","        });","        // run tests","        local.testRunBrowser();","        break;","","","","    // run node js-env code - post-init","    /* istanbul ignore next */","    case 'node':","        // export local","        module.exports = local;","        // require modules","        local.fs = require('fs');","        local.http = require('http');","        local.url = require('url');","        // init assets","        local.assetsDict = local.assetsDict || {};","        /* jslint-ignore-begin */","        local.assetsDict['/assets.index.template.html'] = '\\","<!doctype html>\\n\\","<html lang=\"en\">\\n\\","<head>\\n\\","<meta charset=\"UTF-8\">\\n\\","<meta name=\"viewport\" content=\"width=device-width, initial-scale=1\">\\n\\","<title>{{env.npm_package_name}} (v{{env.npm_package_version}})</title>\\n\\","<style>\\n\\","/*csslint\\n\\","    box-sizing: false,\\n\\","    universal-selector: false\\n\\","*/\\n\\","* {\\n\\","    box-sizing: border-box;\\n\\","}\\n\\","body {\\n\\","    background: #dde;\\n\\","    font-family: Arial, Helvetica, sans-serif;\\n\\","    margin: 2rem;\\n\\","}\\n\\","body > * {\\n\\","    margin-bottom: 1rem;\\n\\","}\\n\\",".utility2FooterDiv {\\n\\","    margin-top: 20px;\\n\\","    text-align: center;\\n\\","}\\n\\","</style>\\n\\","<style>\\n\\","/*csslint\\n\\","*/\\n\\","textarea {\\n\\","    font-family: monospace;\\n\\","    height: 10rem;\\n\\","    width: 100%;\\n\\","}\\n\\","textarea[readonly] {\\n\\","    background: #ddd;\\n\\","}\\n\\","</style>\\n\\","</head>\\n\\","<body>\\n\\","<!-- utility2-comment\\n\\","<div id=\"ajaxProgressDiv1\" style=\"background: #d00; height: 2px; left: 0; margin: 0; padding: 0; position: fixed; top: 0; transition: background 0.5s, width 1.5s; width: 25%;\"></div>\\n\\","utility2-comment -->\\n\\","<h1>\\n\\","<!-- utility2-comment\\n\\","    <a\\n\\","        {{#if env.npm_package_homepage}}\\n\\","        href=\"{{env.npm_package_homepage}}\"\\n\\","        {{/if env.npm_package_homepage}}\\n\\","        target=\"_blank\"\\n\\","    >\\n\\","utility2-comment -->\\n\\","        {{env.npm_package_name}} (v{{env.npm_package_version}})\\n\\","<!-- utility2-comment\\n\\","    </a>\\n\\","utility2-comment -->\\n\\","</h1>\\n\\","<h3>{{env.npm_package_description}}</h3>\\n\\","<!-- utility2-comment\\n\\","<h4><a download href=\"assets.app.js\">download standalone app</a></h4>\\n\\","<button class=\"onclick onreset\" id=\"testRunButton1\">run internal test</button><br>\\n\\","<div id=\"testReportDiv1\" style=\"display: none;\"></div>\\n\\","utility2-comment -->\\n\\","\\n\\","\\n\\","\\n\\","<label>stderr and stdout</label>\\n\\","<textarea class=\"resettable\" id=\"outputTextareaStdout1\" readonly></textarea>\\n\\","<!-- utility2-comment\\n\\","{{#if isRollup}}\\n\\","<script src=\"assets.app.js\"></script>\\n\\","{{#unless isRollup}}\\n\\","utility2-comment -->\\n\\","<script src=\"assets.utility2.rollup.js\"></script>\\n\\","<script src=\"jsonp.utility2._stateInit?callback=window.utility2._stateInit\"></script>\\n\\","<script src=\"assets.npmtest_sbd.rollup.js\"></script>\\n\\","<script src=\"assets.example.js\"></script>\\n\\","<script src=\"assets.test.js\"></script>\\n\\","<!-- utility2-comment\\n\\","{{/if isRollup}}\\n\\","utility2-comment -->\\n\\","<div class=\"utility2FooterDiv\">\\n\\","    [ this app was created with\\n\\","    <a href=\"https://github.com/kaizhu256/node-utility2\" target=\"_blank\">utility2</a>\\n\\","    ]\\n\\","</div>\\n\\","</body>\\n\\","</html>\\n\\","';","        /* jslint-ignore-end */","        if (local.templateRender) {","            local.assetsDict['/'] = local.templateRender(","                local.assetsDict['/assets.index.template.html'],","                {","                    env: local.objectSetDefault(local.env, {","                        npm_package_description: 'the greatest app in the world!',","                        npm_package_name: 'my-app',","                        npm_package_nameAlias: 'my_app',","                        npm_package_version: '0.0.1'","                    })","                }","            );","        } else {","            local.assetsDict['/'] = local.assetsDict['/assets.index.template.html']","                .replace((/\\{\\{env\\.(\\w+?)\\}\\}/g), function (match0, match1) {","                    // jslint-hack","                    String(match0);","                    switch (match1) {","                    case 'npm_package_description':","                        return 'the greatest app in the world!';","                    case 'npm_package_name':","                        return 'my-app';","                    case 'npm_package_nameAlias':","                        return 'my_app';","                    case 'npm_package_version':","                        return '0.0.1';","                    }","                });","        }","        // run the cli","        if (local.global.utility2_rollup || module !== require.main) {","            break;","        }","        local.assetsDict['/assets.example.js'] =","            local.assetsDict['/assets.example.js'] ||","            local.fs.readFileSync(__filename, 'utf8');","        // bug-workaround - long $npm_package_buildCustomOrg","        /* jslint-ignore-begin */","        local.assetsDict['/assets.npmtest_sbd.rollup.js'] =","            local.assetsDict['/assets.npmtest_sbd.rollup.js'] ||","            local.fs.readFileSync(","                local.npmtest_sbd.__dirname + '/lib.npmtest_sbd.js',","                'utf8'","            ).replace((/^#!/), '//');","        /* jslint-ignore-end */","        local.assetsDict['/favicon.ico'] = local.assetsDict['/favicon.ico'] || '';","        // if $npm_config_timeout_exit exists,","        // then exit this process after $npm_config_timeout_exit ms","        if (Number(process.env.npm_config_timeout_exit)) {","            setTimeout(process.exit, Number(process.env.npm_config_timeout_exit));","        }","        // start server","        if (local.global.utility2_serverHttp1) {","            break;","        }","        process.env.PORT = process.env.PORT || '8081';","        console.error('server starting on port ' + process.env.PORT);","        local.http.createServer(function (request, response) {","            request.urlParsed = local.url.parse(request.url);","            if (local.assetsDict[request.urlParsed.pathname] !== undefined) {","                response.end(local.assetsDict[request.urlParsed.pathname]);","                return;","            }","            response.statusCode = 404;","            response.end();","        }).listen(process.env.PORT);","        break;","    }","}());",""],"l":{"26":2,"28":2,"33":2,"35":2,"37":2,"38":2,"39":2,"44":1,"51":2,"55":2,"59":2,"61":2,"69":1,"70":2,"76":2,"79":2,"82":2,"83":2,"85":1,"89":2,"92":1,"93":1,"94":1,"96":1,"97":1,"100":1,"101":1,"103":1,"106":1,"108":2,"114":1,"116":1,"118":1,"123":1,"124":2,"125":2,"126":3,"127":3,"128":3,"129":3,"130":1,"133":3,"134":3,"139":3,"143":1,"144":3,"145":1,"149":1,"150":1,"158":1,"160":1,"161":1,"162":1,"164":1,"166":1,"258":1,"259":1,"271":1,"274":6,"275":6,"277":1,"279":2,"281":1,"283":2,"288":1,"289":1,"291":1,"296":1,"303":1,"306":1,"307":1,"310":1,"311":1,"313":1,"314":1,"315":1,"316":1,"317":1,"318":1,"319":1,"321":1,"322":1,"324":1}},"/home/travis/build/npmtest/node-npmtest-sbd/node_modules/sbd/lib/tokenizer.js":{"path":"/home/travis/build/npmtest/node-npmtest-sbd/node_modules/sbd/lib/tokenizer.js","s":{"1":1,"2":1,"3":1,"4":1,"5":1,"6":1,"7":0,"8":0,"9":0,"10":0,"11":0,"12":0,"13":0,"14":0,"15":0,"16":0,"17":0,"18":0,"19":0,"20":0,"21":0,"22":0,"23":0,"24":0,"25":0,"26":0,"27":0,"28":0,"29":0,"30":0,"31":0,"32":0,"33":0,"34":0,"35":0,"36":0,"37":0,"38":0,"39":0,"40":0,"41":0,"42":0,"43":0,"44":0,"45":0,"46":0,"47":0,"48":0,"49":0,"50":0,"51":0,"52":0,"53":0,"54":0,"55":0,"56":0,"57":0,"58":0,"59":0,"60":0,"61":0,"62":0,"63":0,"64":0,"65":0,"66":0,"67":0,"68":0,"69":0,"70":0,"71":0,"72":0,"73":0,"74":0,"75":0,"76":0,"77":0,"78":0,"79":0,"80":0,"81":0,"82":0,"83":0,"84":0,"85":0,"86":0,"87":0,"88":0,"89":0,"90":0,"91":0,"92":0,"93":0,"94":0,"95":0,"96":0,"97":0,"98":0},"b":{"1":[0,0],"2":[0,0,0],"3":[0,0],"4":[0,0],"5":[0,0],"6":[0,0],"7":[0,0],"8":[0,0],"9":[0,0],"10":[0,0],"11":[0,0],"12":[0,0],"13":[0,0,0],"14":[0,0],"15":[0,0,0],"16":[0,0],"17":[0,0],"18":[0,0],"19":[0,0],"20":[0,0],"21":[0,0],"22":[0,0],"23":[0,0],"24":[0,0],"25":[0,0],"26":[0,0],"27":[0,0],"28":[0,0],"29":[0,0],"30":[0,0],"31":[0,0],"32":[0,0],"33":[0,0],"34":[0,0],"35":[0,0],"36":[0,0],"37":[0,0],"38":[0,0],"39":[0,0,0],"40":[0,0],"41":[0,0]},"f":{"1":0,"2":0},"fnMap":{"1":{"name":"(anonymous_1)","line":14,"loc":{"start":{"line":14,"column":20},"end":{"line":14,"column":49}}},"2":{"name":"(anonymous_2)","line":204,"loc":{"start":{"line":204,"column":33},"end":{"line":204,"column":45}}}},"statementMap":{"1":{"start":{"line":4,"column":0},"end":{"line":4,"column":44}},"2":{"start":{"line":6,"column":0},"end":{"line":6,"column":33}},"3":{"start":{"line":7,"column":0},"end":{"line":7,"column":32}},"4":{"start":{"line":9,"column":0},"end":{"line":9,"column":34}},"5":{"start":{"line":10,"column":0},"end":{"line":10,"column":55}},"6":{"start":{"line":14,"column":0},"end":{"line":227,"column":2}},"7":{"start":{"line":15,"column":4},"end":{"line":17,"column":5}},"8":{"start":{"line":16,"column":8},"end":{"line":16,"column":18}},"9":{"start":{"line":19,"column":4},"end":{"line":26,"column":6}},"10":{"start":{"line":28,"column":4},"end":{"line":37,"column":5}},"11":{"start":{"line":30,"column":8},"end":{"line":30,"column":42}},"12":{"start":{"line":34,"column":8},"end":{"line":36,"column":9}},"13":{"start":{"line":35,"column":12},"end":{"line":35,"column":41}},"14":{"start":{"line":39,"column":4},"end":{"line":39,"column":50}},"15":{"start":{"line":41,"column":4},"end":{"line":43,"column":5}},"16":{"start":{"line":42,"column":8},"end":{"line":42,"column":70}},"17":{"start":{"line":45,"column":4},"end":{"line":49,"column":5}},"18":{"start":{"line":46,"column":8},"end":{"line":46,"column":108}},"19":{"start":{"line":47,"column":8},"end":{"line":47,"column":57}},"20":{"start":{"line":48,"column":8},"end":{"line":48,"column":60}},"21":{"start":{"line":51,"column":4},"end":{"line":57,"column":5}},"22":{"start":{"line":52,"column":8},"end":{"line":54,"column":9}},"23":{"start":{"line":53,"column":12},"end":{"line":53,"column":40}},"24":{"start":{"line":56,"column":8},"end":{"line":56,"column":76}},"25":{"start":{"line":61,"column":4},"end":{"line":61,"column":45}},"26":{"start":{"line":63,"column":4},"end":{"line":63,"column":22}},"27":{"start":{"line":64,"column":4},"end":{"line":64,"column":18}},"28":{"start":{"line":65,"column":4},"end":{"line":65,"column":19}},"29":{"start":{"line":66,"column":4},"end":{"line":66,"column":23}},"30":{"start":{"line":67,"column":4},"end":{"line":67,"column":23}},"31":{"start":{"line":70,"column":4},"end":{"line":72,"column":5}},"32":{"start":{"line":71,"column":8},"end":{"line":71,"column":18}},"33":{"start":{"line":74,"column":4},"end":{"line":193,"column":5}},"34":{"start":{"line":75,"column":8},"end":{"line":75,"column":20}},"35":{"start":{"line":78,"column":8},"end":{"line":78,"column":31}},"36":{"start":{"line":81,"column":8},"end":{"line":83,"column":9}},"37":{"start":{"line":82,"column":12},"end":{"line":82,"column":26}},"38":{"start":{"line":85,"column":8},"end":{"line":99,"column":9}},"39":{"start":{"line":89,"column":12},"end":{"line":91,"column":13}},"40":{"start":{"line":90,"column":16},"end":{"line":90,"column":30}},"41":{"start":{"line":93,"column":12},"end":{"line":93,"column":36}},"42":{"start":{"line":95,"column":12},"end":{"line":95,"column":26}},"43":{"start":{"line":96,"column":12},"end":{"line":96,"column":27}},"44":{"start":{"line":98,"column":12},"end":{"line":98,"column":21}},"45":{"start":{"line":102,"column":8},"end":{"line":105,"column":9}},"46":{"start":{"line":104,"column":12},"end":{"line":104,"column":45}},"47":{"start":{"line":110,"column":8},"end":{"line":165,"column":9}},"48":{"start":{"line":113,"column":12},"end":{"line":158,"column":13}},"49":{"start":{"line":115,"column":16},"end":{"line":117,"column":17}},"50":{"start":{"line":116,"column":20},"end":{"line":116,"column":29}},"51":{"start":{"line":120,"column":16},"end":{"line":122,"column":17}},"52":{"start":{"line":121,"column":20},"end":{"line":121,"column":29}},"53":{"start":{"line":126,"column":16},"end":{"line":157,"column":17}},"54":{"start":{"line":127,"column":20},"end":{"line":129,"column":21}},"55":{"start":{"line":128,"column":24},"end":{"line":128,"column":33}},"56":{"start":{"line":132,"column":20},"end":{"line":134,"column":21}},"57":{"start":{"line":133,"column":24},"end":{"line":133,"column":33}},"58":{"start":{"line":136,"column":20},"end":{"line":140,"column":21}},"59":{"start":{"line":137,"column":24},"end":{"line":139,"column":25}},"60":{"start":{"line":138,"column":28},"end":{"line":138,"column":37}},"61":{"start":{"line":144,"column":20},"end":{"line":146,"column":21}},"62":{"start":{"line":145,"column":24},"end":{"line":145,"column":33}},"63":{"start":{"line":150,"column":20},"end":{"line":152,"column":21}},"64":{"start":{"line":151,"column":24},"end":{"line":151,"column":33}},"65":{"start":{"line":154,"column":20},"end":{"line":156,"column":21}},"66":{"start":{"line":155,"column":24},"end":{"line":155,"column":33}},"67":{"start":{"line":160,"column":12},"end":{"line":160,"column":36}},"68":{"start":{"line":161,"column":12},"end":{"line":161,"column":27}},"69":{"start":{"line":162,"column":12},"end":{"line":162,"column":26}},"70":{"start":{"line":164,"column":12},"end":{"line":164,"column":21}},"71":{"start":{"line":168,"column":8},"end":{"line":182,"column":9}},"72":{"start":{"line":169,"column":12},"end":{"line":171,"column":13}},"73":{"start":{"line":170,"column":16},"end":{"line":170,"column":25}},"74":{"start":{"line":174,"column":12},"end":{"line":176,"column":13}},"75":{"start":{"line":175,"column":16},"end":{"line":175,"column":25}},"76":{"start":{"line":179,"column":12},"end":{"line":181,"column":13}},"77":{"start":{"line":180,"column":16},"end":{"line":180,"column":25}},"78":{"start":{"line":184,"column":8},"end":{"line":192,"column":9}},"79":{"start":{"line":185,"column":12},"end":{"line":185,"column":26}},"80":{"start":{"line":186,"column":12},"end":{"line":186,"column":34}},"81":{"start":{"line":187,"column":12},"end":{"line":187,"column":36}},"82":{"start":{"line":189,"column":12},"end":{"line":189,"column":25}},"83":{"start":{"line":190,"column":12},"end":{"line":190,"column":26}},"84":{"start":{"line":191,"column":12},"end":{"line":191,"column":34}},"85":{"start":{"line":195,"column":4},"end":{"line":197,"column":5}},"86":{"start":{"line":196,"column":8},"end":{"line":196,"column":32}},"87":{"start":{"line":200,"column":4},"end":{"line":200,"column":22}},"88":{"start":{"line":201,"column":4},"end":{"line":201,"column":22}},"89":{"start":{"line":204,"column":4},"end":{"line":206,"column":7}},"90":{"start":{"line":205,"column":8},"end":{"line":205,"column":28}},"91":{"start":{"line":208,"column":4},"end":{"line":224,"column":5}},"92":{"start":{"line":209,"column":8},"end":{"line":209,"column":42}},"93":{"start":{"line":212,"column":8},"end":{"line":221,"column":9}},"94":{"start":{"line":217,"column":12},"end":{"line":220,"column":13}},"95":{"start":{"line":218,"column":16},"end":{"line":218,"column":59}},"96":{"start":{"line":219,"column":16},"end":{"line":219,"column":20}},"97":{"start":{"line":223,"column":8},"end":{"line":223,"column":30}},"98":{"start":{"line":226,"column":4},"end":{"line":226,"column":18}}},"branchMap":{"1":{"line":15,"type":"if","locations":[{"start":{"line":15,"column":4},"end":{"line":15,"column":4}},{"start":{"line":15,"column":4},"end":{"line":15,"column":4}}]},"2":{"line":15,"type":"binary-expr","locations":[{"start":{"line":15,"column":8},"end":{"line":15,"column":13}},{"start":{"line":15,"column":17},"end":{"line":15,"column":41}},{"start":{"line":15,"column":45},"end":{"line":15,"column":57}}]},"3":{"line":28,"type":"if","locations":[{"start":{"line":28,"column":4},"end":{"line":28,"column":4}},{"start":{"line":28,"column":4},"end":{"line":28,"column":4}}]},"4":{"line":41,"type":"if","locations":[{"start":{"line":41,"column":4},"end":{"line":41,"column":4}},{"start":{"line":41,"column":4},"end":{"line":41,"column":4}}]},"5":{"line":45,"type":"if","locations":[{"start":{"line":45,"column":4},"end":{"line":45,"column":4}},{"start":{"line":45,"column":4},"end":{"line":45,"column":4}}]},"6":{"line":51,"type":"if","locations":[{"start":{"line":51,"column":4},"end":{"line":51,"column":4}},{"start":{"line":51,"column":4},"end":{"line":51,"column":4}}]},"7":{"line":51,"type":"binary-expr","locations":[{"start":{"line":51,"column":8},"end":{"line":51,"column":24}},{"start":{"line":51,"column":28},"end":{"line":51,"column":48}}]},"8":{"line":52,"type":"if","locations":[{"start":{"line":52,"column":8},"end":{"line":52,"column":8}},{"start":{"line":52,"column":8},"end":{"line":52,"column":8}}]},"9":{"line":70,"type":"if","locations":[{"start":{"line":70,"column":4},"end":{"line":70,"column":4}},{"start":{"line":70,"column":4},"end":{"line":70,"column":4}}]},"10":{"line":70,"type":"binary-expr","locations":[{"start":{"line":70,"column":8},"end":{"line":70,"column":14}},{"start":{"line":70,"column":18},"end":{"line":70,"column":31}}]},"11":{"line":81,"type":"if","locations":[{"start":{"line":81,"column":8},"end":{"line":81,"column":8}},{"start":{"line":81,"column":8},"end":{"line":81,"column":8}}]},"12":{"line":85,"type":"if","locations":[{"start":{"line":85,"column":8},"end":{"line":85,"column":8}},{"start":{"line":85,"column":8},"end":{"line":85,"column":8}}]},"13":{"line":85,"type":"binary-expr","locations":[{"start":{"line":85,"column":12},"end":{"line":85,"column":42}},{"start":{"line":86,"column":12},"end":{"line":86,"column":47}},{"start":{"line":87,"column":12},"end":{"line":87,"column":46}}]},"14":{"line":89,"type":"if","locations":[{"start":{"line":89,"column":12},"end":{"line":89,"column":12}},{"start":{"line":89,"column":12},"end":{"line":89,"column":12}}]},"15":{"line":89,"type":"binary-expr","locations":[{"start":{"line":89,"column":17},"end":{"line":89,"column":43}},{"start":{"line":89,"column":47},"end":{"line":89,"column":70}},{"start":{"line":89,"column":75},"end":{"line":89,"column":109}}]},"16":{"line":102,"type":"if","locations":[{"start":{"line":102,"column":8},"end":{"line":102,"column":8}},{"start":{"line":102,"column":8},"end":{"line":102,"column":8}}]},"17":{"line":102,"type":"binary-expr","locations":[{"start":{"line":102,"column":12},"end":{"line":102,"column":47}},{"start":{"line":102,"column":51},"end":{"line":102,"column":85}}]},"18":{"line":110,"type":"if","locations":[{"start":{"line":110,"column":8},"end":{"line":110,"column":8}},{"start":{"line":110,"column":8},"end":{"line":110,"column":8}}]},"19":{"line":113,"type":"if","locations":[{"start":{"line":113,"column":12},"end":{"line":113,"column":12}},{"start":{"line":113,"column":12},"end":{"line":113,"column":12}}]},"20":{"line":115,"type":"if","locations":[{"start":{"line":115,"column":16},"end":{"line":115,"column":16}},{"start":{"line":115,"column":16},"end":{"line":115,"column":16}}]},"21":{"line":115,"type":"binary-expr","locations":[{"start":{"line":115,"column":20},"end":{"line":115,"column":41}},{"start":{"line":115,"column":45},"end":{"line":115,"column":70}}]},"22":{"line":120,"type":"if","locations":[{"start":{"line":120,"column":16},"end":{"line":120,"column":16}},{"start":{"line":120,"column":16},"end":{"line":120,"column":16}}]},"23":{"line":126,"type":"if","locations":[{"start":{"line":126,"column":16},"end":{"line":126,"column":16}},{"start":{"line":126,"column":16},"end":{"line":126,"column":16}}]},"24":{"line":127,"type":"if","locations":[{"start":{"line":127,"column":20},"end":{"line":127,"column":20}},{"start":{"line":127,"column":20},"end":{"line":127,"column":20}}]},"25":{"line":132,"type":"if","locations":[{"start":{"line":132,"column":20},"end":{"line":132,"column":20}},{"start":{"line":132,"column":20},"end":{"line":132,"column":20}}]},"26":{"line":136,"type":"if","locations":[{"start":{"line":136,"column":20},"end":{"line":136,"column":20}},{"start":{"line":136,"column":20},"end":{"line":136,"column":20}}]},"27":{"line":137,"type":"if","locations":[{"start":{"line":137,"column":24},"end":{"line":137,"column":24}},{"start":{"line":137,"column":24},"end":{"line":137,"column":24}}]},"28":{"line":144,"type":"if","locations":[{"start":{"line":144,"column":20},"end":{"line":144,"column":20}},{"start":{"line":144,"column":20},"end":{"line":144,"column":20}}]},"29":{"line":150,"type":"if","locations":[{"start":{"line":150,"column":20},"end":{"line":150,"column":20}},{"start":{"line":150,"column":20},"end":{"line":150,"column":20}}]},"30":{"line":154,"type":"if","locations":[{"start":{"line":154,"column":20},"end":{"line":154,"column":20}},{"start":{"line":154,"column":20},"end":{"line":154,"column":20}}]},"31":{"line":168,"type":"if","locations":[{"start":{"line":168,"column":8},"end":{"line":168,"column":8}},{"start":{"line":168,"column":8},"end":{"line":168,"column":8}}]},"32":{"line":169,"type":"if","locations":[{"start":{"line":169,"column":12},"end":{"line":169,"column":12}},{"start":{"line":169,"column":12},"end":{"line":169,"column":12}}]},"33":{"line":174,"type":"if","locations":[{"start":{"line":174,"column":12},"end":{"line":174,"column":12}},{"start":{"line":174,"column":12},"end":{"line":174,"column":12}}]},"34":{"line":179,"type":"if","locations":[{"start":{"line":179,"column":12},"end":{"line":179,"column":12}},{"start":{"line":179,"column":12},"end":{"line":179,"column":12}}]},"35":{"line":179,"type":"binary-expr","locations":[{"start":{"line":179,"column":16},"end":{"line":179,"column":37}},{"start":{"line":179,"column":41},"end":{"line":179,"column":66}}]},"36":{"line":184,"type":"if","locations":[{"start":{"line":184,"column":8},"end":{"line":184,"column":8}},{"start":{"line":184,"column":8},"end":{"line":184,"column":8}}]},"37":{"line":195,"type":"if","locations":[{"start":{"line":195,"column":4},"end":{"line":195,"column":4}},{"start":{"line":195,"column":4},"end":{"line":195,"column":4}}]},"38":{"line":212,"type":"if","locations":[{"start":{"line":212,"column":8},"end":{"line":212,"column":8}},{"start":{"line":212,"column":8},"end":{"line":212,"column":8}}]},"39":{"line":212,"type":"binary-expr","locations":[{"start":{"line":212,"column":12},"end":{"line":212,"column":37}},{"start":{"line":212,"column":41},"end":{"line":212,"column":67}},{"start":{"line":213,"column":12},"end":{"line":213,"column":45}}]},"40":{"line":217,"type":"if","locations":[{"start":{"line":217,"column":12},"end":{"line":217,"column":12}},{"start":{"line":217,"column":12},"end":{"line":217,"column":12}}]},"41":{"line":217,"type":"binary-expr","locations":[{"start":{"line":217,"column":16},"end":{"line":217,"column":30}},{"start":{"line":217,"column":34},"end":{"line":217,"column":68}}]}},"code":["/*jshint node:true, laxcomma:true */","\"use strict\";","","var sanitizeHtml = require('sanitize-html');","","var String = require('./String');","var Match  = require('./Match');","","var newline_placeholder = \" @~@ \";","var newline_placeholder_t = newline_placeholder.trim();","","","// Split the entry into sentences.","exports.sentences = function(text, user_options) {","    if (!text || typeof text !== \"string\" || !text.length) {","        return [];","    }","","    var options = {","        \"newline_boundaries\"  : false,","        \"html_boundaries\"     : false,","        \"html_boundaries_tags\": [\"p\",\"div\",\"ul\",\"ol\"],","        \"sanitize\"            : false,","        \"allowed_tags\"        : false,","        \"abbreviations\"       : null","    };","","    if (typeof user_options === \"boolean\") {","        // Deprecated quick option","        options.newline_boundaries = true;","    }","    else {","        // Extend options","        for (var k in user_options) {","            options[k] = user_options[k];","        }","    }","","    Match.setAbbreviations(options.abbreviations);","","    if (options.newline_boundaries) {","        text = text.replace(/\\n+|[-#=_+*]{4,}/g, newline_placeholder);","    }","","    if (options.html_boundaries) {","        var html_boundaries_regexp = \"(<br\\\\s*\\\\/?>|<\\\\/(\" + options.html_boundaries_tags.join(\"|\") + \")>)\";","        var re = new RegExp(html_boundaries_regexp, \"g\");","        text = text.replace(re, \"$1\" + newline_placeholder);","    }","","    if (options.sanitize || options.allowed_tags) {","        if (! options.allowed_tags) {","            options.allowed_tags = [\"\"];","        }","","        text = sanitizeHtml(text, { \"allowedTags\" : options.allowed_tags });","    }","","    // Split the text into words","    // - see http://blog.tompawlak.org/split-string-into-tokens-javascript","    var words = text.trim().match(/\\S+|\\n/g);","","    var wordCount = 0;","    var index = 0;","    var temp  = [];","    var sentences = [];","    var current   = [];","","    // If given text is only whitespace (or nothing of \\S+)","    if (!words || !words.length) {","        return [];","    }","","    for (var i=0, L=words.length; i < L; i++) {","        wordCount++;","","        // Add the word to current sentence","        current.push(words[i]);","","        // Sub-sentences, reset counter","        if (~words[i].indexOf(',')) {","            wordCount = 0;","        }","","        if (Match.isBoundaryChar(words[i])      ||","            String.endsWithChar(words[i], \"?!\") ||","            words[i] === newline_placeholder_t)","        {","            if ((options.newline_boundaries || options.html_boundaries) && words[i] === newline_placeholder_t) {","                current.pop();","            }","","            sentences.push(current);","","            wordCount = 0;","            current   = [];","","            continue;","        }","","","        if (String.endsWithChar(words[i], \"\\\"\") || String.endsWithChar(words[i], \"”\")) {","            // endQuote = words[i].slice(-1);","            words[i] = words[i].slice(0, -1);","        }","","        // A dot might indicate the end sentences","        // Exception: The next sentence starts with a word (non abbreviation)","        //            that has a capital letter.","        if (String.endsWithChar(words[i], '.')) {","            // Check if there is a next word","            // This probably needs to be improved with machine learning","            if (i+1 < L) {","                // Single character abbr.","                if (words[i].length === 2 && isNaN(words[i].charAt(0))) {","                    continue;","                }","","                // Common abbr. that often do not end sentences","                if (Match.isCommonAbbreviation(words[i])) {","                    continue;","                }","","                // Next word starts with capital word, but current sentence is","                // quite short","                if (Match.isSentenceStarter(words[i+1])) {","                    if (Match.isTimeAbbreviation(words[i], words[i+1])) {","                        continue;","                    }","","                    // Dealing with names at the start of sentences","                    if (Match.isNameAbbreviation(wordCount, words.slice(i, 6))) {","                        continue;","                    }","","                    if (Match.isNumber(words[i+1])) {","                        if (Match.isCustomAbbreviation(words[i])) {","                            continue;","                        }","                    }","                }","                else {","                    // Skip ellipsis","                    if (String.endsWith(words[i], \"..\")) {","                        continue;","                    }","","                    //// Skip abbreviations","                    // Short words + dot or a dot after each letter","                    if (Match.isDottedAbbreviation(words[i])) {","                        continue;","                    }","","                    if (Match.isNameAbbreviation(wordCount, words.slice(i, 5))) {","                        continue;","                    }","                }","            }","","            sentences.push(current);","            current   = [];","            wordCount = 0;","","            continue;","        }","","        // Check if the word has a dot in it","        if ((index = words[i].indexOf(\".\")) > -1) {","            if (Match.isNumber(words[i], index)) {","                continue;","            }","","            // Custom dotted abbreviations (like K.L.M or I.C.T)","            if (Match.isDottedAbbreviation(words[i])) {","                continue;","            }","","            // Skip urls / emails and the like","            if (Match.isURL(words[i]) || Match.isPhoneNr(words[i])) {","                continue;","            }","        }","","        if (temp = Match.isConcatenated(words[i])) {","            current.pop();","            current.push(temp[0]);","            sentences.push(current);","","            current = [];","            wordCount = 0;","            current.push(temp[1]);","        }","    }","","    if (current.length) {","        sentences.push(current);","    }","","    /** After processing */","    var result   = [];","    var sentence = \"\";","","    // Clear \"empty\" sentences","    sentences = sentences.filter(function(s) {","        return s.length > 0;","    });","","    for (var i=0; i < sentences.length; i++) {","        sentence = sentences[i].join(\" \");","","        // Single words, could be \"enumeration lists\"","        if (sentences[i].length === 1 && sentences[i][0].length < 4 &&","            sentences[i][0].indexOf('.') > -1)","        {","            // Check if there is a next sentence","            // It should not be another list item","            if (sentences[i+1] && sentences[i+1][0].indexOf('.') < 0) {","                sentence += \" \" + sentences[i+1].join(\" \");","                i++;","            }","        }","","        result.push(sentence);","    }","","    return result;","};",""],"l":{"4":1,"6":1,"7":1,"9":1,"10":1,"14":1,"15":0,"16":0,"19":0,"28":0,"30":0,"34":0,"35":0,"39":0,"41":0,"42":0,"45":0,"46":0,"47":0,"48":0,"51":0,"52":0,"53":0,"56":0,"61":0,"63":0,"64":0,"65":0,"66":0,"67":0,"70":0,"71":0,"74":0,"75":0,"78":0,"81":0,"82":0,"85":0,"89":0,"90":0,"93":0,"95":0,"96":0,"98":0,"102":0,"104":0,"110":0,"113":0,"115":0,"116":0,"120":0,"121":0,"126":0,"127":0,"128":0,"132":0,"133":0,"136":0,"137":0,"138":0,"144":0,"145":0,"150":0,"151":0,"154":0,"155":0,"160":0,"161":0,"162":0,"164":0,"168":0,"169":0,"170":0,"174":0,"175":0,"179":0,"180":0,"184":0,"185":0,"186":0,"187":0,"189":0,"190":0,"191":0,"195":0,"196":0,"200":0,"201":0,"204":0,"205":0,"208":0,"209":0,"212":0,"217":0,"218":0,"219":0,"223":0,"226":0}},"/home/travis/build/npmtest/node-npmtest-sbd/node_modules/sbd/lib/String.js":{"path":"/home/travis/build/npmtest/node-npmtest-sbd/node_modules/sbd/lib/String.js","s":{"1":1,"2":0,"3":0,"4":0,"5":1,"6":0},"b":{"1":[0,0]},"f":{"1":0,"2":0},"fnMap":{"1":{"name":"ends_with_char","line":2,"loc":{"start":{"line":2,"column":23},"end":{"line":2,"column":56}}},"2":{"name":"ends_with","line":10,"loc":{"start":{"line":10,"column":19},"end":{"line":10,"column":49}}}},"statementMap":{"1":{"start":{"line":2,"column":0},"end":{"line":8,"column":2}},"2":{"start":{"line":3,"column":4},"end":{"line":5,"column":5}},"3":{"start":{"line":4,"column":8},"end":{"line":4,"column":46}},"4":{"start":{"line":7,"column":4},"end":{"line":7,"column":32}},"5":{"start":{"line":10,"column":0},"end":{"line":12,"column":2}},"6":{"start":{"line":11,"column":4},"end":{"line":11,"column":56}}},"branchMap":{"1":{"line":3,"type":"if","locations":[{"start":{"line":3,"column":4},"end":{"line":3,"column":4}},{"start":{"line":3,"column":4},"end":{"line":3,"column":4}}]}},"code":["","exports.endsWithChar = function ends_with_char(word, c) {","    if (c.length > 1) {","        return c.indexOf(word.slice(-1)) > -1;","    }","","    return word.slice(-1) === c;","};","","exports.endsWith = function ends_with(word, end) {","    return word.slice(word.length - end.length) === end;","};"],"l":{"2":1,"3":0,"4":0,"7":0,"10":1,"11":0}},"/home/travis/build/npmtest/node-npmtest-sbd/node_modules/sbd/lib/Match.js":{"path":"/home/travis/build/npmtest/node-npmtest-sbd/node_modules/sbd/lib/Match.js","s":{"1":1,"2":1,"3":1,"4":0,"5":0,"6":0,"7":1,"8":0,"9":1,"10":0,"11":1,"12":0,"13":1,"14":0,"15":0,"16":0,"17":0,"18":0,"19":1,"20":0,"21":0,"22":1,"23":0,"24":0,"25":0,"26":1,"27":0,"28":0,"29":0,"30":0,"31":0,"32":0,"33":0,"34":1,"35":0,"36":0,"37":0,"38":1,"39":0,"40":1,"41":0,"42":1,"43":0,"44":0,"45":0,"46":0,"47":0,"48":0,"49":1,"50":0},"b":{"1":[0,0],"2":[0,0],"3":[0,0],"4":[0,0],"5":[0,0],"6":[0,0],"7":[0,0],"8":[0,0],"9":[0,0],"10":[0,0],"11":[0,0,0],"12":[0,0],"13":[0,0],"14":[0,0,0],"15":[0,0],"16":[0,0,0]},"f":{"1":0,"2":0,"3":0,"4":0,"5":0,"6":0,"7":0,"8":0,"9":0,"10":0,"11":0,"12":0,"13":0,"14":0},"fnMap":{"1":{"name":"(anonymous_1)","line":65,"loc":{"start":{"line":65,"column":27},"end":{"line":65,"column":42}}},"2":{"name":"(anonymous_2)","line":73,"loc":{"start":{"line":73,"column":24},"end":{"line":73,"column":38}}},"3":{"name":"(anonymous_3)","line":78,"loc":{"start":{"line":78,"column":28},"end":{"line":78,"column":42}}},"4":{"name":"(anonymous_4)","line":82,"loc":{"start":{"line":82,"column":31},"end":{"line":82,"column":45}}},"5":{"name":"(anonymous_5)","line":87,"loc":{"start":{"line":87,"column":29},"end":{"line":87,"column":50}}},"6":{"name":"(anonymous_6)","line":99,"loc":{"start":{"line":99,"column":31},"end":{"line":99,"column":46}}},"7":{"name":"(anonymous_7)","line":105,"loc":{"start":{"line":105,"column":31},"end":{"line":105,"column":45}}},"8":{"name":"(anonymous_8)","line":117,"loc":{"start":{"line":117,"column":29},"end":{"line":117,"column":56}}},"9":{"name":"(anonymous_9)","line":123,"loc":{"start":{"line":123,"column":39},"end":{"line":123,"column":53}}},"10":{"name":"(anonymous_10)","line":133,"loc":{"start":{"line":133,"column":19},"end":{"line":133,"column":41}}},"11":{"name":"(anonymous_11)","line":143,"loc":{"start":{"line":143,"column":20},"end":{"line":143,"column":34}}},"12":{"name":"(anonymous_12)","line":149,"loc":{"start":{"line":149,"column":16},"end":{"line":149,"column":30}}},"13":{"name":"(anonymous_13)","line":155,"loc":{"start":{"line":155,"column":25},"end":{"line":155,"column":40}}},"14":{"name":"(anonymous_14)","line":173,"loc":{"start":{"line":173,"column":25},"end":{"line":173,"column":40}}}},"statementMap":{"1":{"start":{"line":1,"column":0},"end":{"line":1,"column":18}},"2":{"start":{"line":2,"column":0},"end":{"line":63,"column":2}},"3":{"start":{"line":65,"column":0},"end":{"line":71,"column":1}},"4":{"start":{"line":66,"column":4},"end":{"line":70,"column":5}},"5":{"start":{"line":67,"column":8},"end":{"line":67,"column":29}},"6":{"start":{"line":69,"column":8},"end":{"line":69,"column":45}},"7":{"start":{"line":73,"column":0},"end":{"line":75,"column":1}},"8":{"start":{"line":74,"column":4},"end":{"line":74,"column":59}},"9":{"start":{"line":78,"column":0},"end":{"line":80,"column":1}},"10":{"start":{"line":79,"column":4},"end":{"line":79,"column":72}},"11":{"start":{"line":82,"column":0},"end":{"line":84,"column":1}},"12":{"start":{"line":83,"column":4},"end":{"line":83,"column":59}},"13":{"start":{"line":87,"column":0},"end":{"line":97,"column":1}},"14":{"start":{"line":88,"column":4},"end":{"line":94,"column":5}},"15":{"start":{"line":89,"column":8},"end":{"line":89,"column":67}},"16":{"start":{"line":91,"column":8},"end":{"line":93,"column":9}},"17":{"start":{"line":92,"column":12},"end":{"line":92,"column":24}},"18":{"start":{"line":96,"column":4},"end":{"line":96,"column":17}},"19":{"start":{"line":99,"column":0},"end":{"line":102,"column":1}},"20":{"start":{"line":100,"column":4},"end":{"line":100,"column":70}},"21":{"start":{"line":101,"column":4},"end":{"line":101,"column":44}},"22":{"start":{"line":105,"column":0},"end":{"line":111,"column":1}},"23":{"start":{"line":106,"column":4},"end":{"line":108,"column":5}},"24":{"start":{"line":107,"column":8},"end":{"line":107,"column":20}},"25":{"start":{"line":110,"column":4},"end":{"line":110,"column":35}},"26":{"start":{"line":117,"column":0},"end":{"line":131,"column":1}},"27":{"start":{"line":118,"column":4},"end":{"line":128,"column":5}},"28":{"start":{"line":119,"column":8},"end":{"line":121,"column":9}},"29":{"start":{"line":120,"column":12},"end":{"line":120,"column":24}},"30":{"start":{"line":123,"column":8},"end":{"line":125,"column":11}},"31":{"start":{"line":124,"column":12},"end":{"line":124,"column":47}},"32":{"start":{"line":127,"column":8},"end":{"line":127,"column":39}},"33":{"start":{"line":130,"column":4},"end":{"line":130,"column":17}},"34":{"start":{"line":133,"column":0},"end":{"line":139,"column":2}},"35":{"start":{"line":134,"column":4},"end":{"line":136,"column":5}},"36":{"start":{"line":135,"column":8},"end":{"line":135,"column":44}},"37":{"start":{"line":138,"column":4},"end":{"line":138,"column":23}},"38":{"start":{"line":143,"column":0},"end":{"line":145,"column":2}},"39":{"start":{"line":144,"column":4},"end":{"line":144,"column":286}},"40":{"start":{"line":149,"column":0},"end":{"line":151,"column":2}},"41":{"start":{"line":150,"column":4},"end":{"line":150,"column":97}},"42":{"start":{"line":155,"column":0},"end":{"line":171,"column":2}},"43":{"start":{"line":156,"column":4},"end":{"line":156,"column":14}},"44":{"start":{"line":158,"column":4},"end":{"line":168,"column":5}},"45":{"start":{"line":162,"column":8},"end":{"line":162,"column":35}},"46":{"start":{"line":165,"column":8},"end":{"line":167,"column":9}},"47":{"start":{"line":166,"column":12},"end":{"line":166,"column":55}},"48":{"start":{"line":170,"column":4},"end":{"line":170,"column":17}},"49":{"start":{"line":173,"column":0},"end":{"line":177,"column":2}},"50":{"start":{"line":174,"column":4},"end":{"line":176,"column":24}}},"branchMap":{"1":{"line":66,"type":"if","locations":[{"start":{"line":66,"column":4},"end":{"line":66,"column":4}},{"start":{"line":66,"column":4},"end":{"line":66,"column":4}}]},"2":{"line":74,"type":"binary-expr","locations":[{"start":{"line":74,"column":11},"end":{"line":74,"column":36}},{"start":{"line":74,"column":40},"end":{"line":74,"column":58}}]},"3":{"line":79,"type":"binary-expr","locations":[{"start":{"line":79,"column":11},"end":{"line":79,"column":34}},{"start":{"line":79,"column":38},"end":{"line":79,"column":71}}]},"4":{"line":88,"type":"if","locations":[{"start":{"line":88,"column":4},"end":{"line":88,"column":4}},{"start":{"line":88,"column":4},"end":{"line":88,"column":4}}]},"5":{"line":88,"type":"binary-expr","locations":[{"start":{"line":88,"column":8},"end":{"line":88,"column":23}},{"start":{"line":88,"column":27},"end":{"line":88,"column":42}}]},"6":{"line":91,"type":"if","locations":[{"start":{"line":91,"column":8},"end":{"line":91,"column":8}},{"start":{"line":91,"column":8},"end":{"line":91,"column":8}}]},"7":{"line":101,"type":"binary-expr","locations":[{"start":{"line":101,"column":11},"end":{"line":101,"column":18}},{"start":{"line":101,"column":22},"end":{"line":101,"column":43}}]},"8":{"line":106,"type":"if","locations":[{"start":{"line":106,"column":4},"end":{"line":106,"column":4}},{"start":{"line":106,"column":4},"end":{"line":106,"column":4}}]},"9":{"line":118,"type":"if","locations":[{"start":{"line":118,"column":4},"end":{"line":118,"column":4}},{"start":{"line":118,"column":4},"end":{"line":118,"column":4}}]},"10":{"line":119,"type":"if","locations":[{"start":{"line":119,"column":8},"end":{"line":119,"column":8}},{"start":{"line":119,"column":8},"end":{"line":119,"column":8}}]},"11":{"line":119,"type":"binary-expr","locations":[{"start":{"line":119,"column":12},"end":{"line":119,"column":25}},{"start":{"line":119,"column":29},"end":{"line":119,"column":48}},{"start":{"line":119,"column":52},"end":{"line":119,"column":80}}]},"12":{"line":134,"type":"if","locations":[{"start":{"line":134,"column":4},"end":{"line":134,"column":4}},{"start":{"line":134,"column":4},"end":{"line":134,"column":4}}]},"13":{"line":158,"type":"if","locations":[{"start":{"line":158,"column":4},"end":{"line":158,"column":4}},{"start":{"line":158,"column":4},"end":{"line":158,"column":4}}]},"14":{"line":158,"type":"binary-expr","locations":[{"start":{"line":158,"column":8},"end":{"line":158,"column":36}},{"start":{"line":159,"column":8},"end":{"line":159,"column":36}},{"start":{"line":160,"column":8},"end":{"line":160,"column":36}}]},"15":{"line":165,"type":"if","locations":[{"start":{"line":165,"column":8},"end":{"line":165,"column":8}},{"start":{"line":165,"column":8},"end":{"line":165,"column":8}}]},"16":{"line":174,"type":"binary-expr","locations":[{"start":{"line":174,"column":11},"end":{"line":174,"column":23}},{"start":{"line":175,"column":11},"end":{"line":175,"column":23}},{"start":{"line":176,"column":11},"end":{"line":176,"column":23}}]}},"code":["var abbreviations;","var englishAbbreviations = [","    \"al\",","    \"adj\",","    \"assn\",","    \"Ave\",","    \"BSc\", \"MSc\",","    \"Cell\",","    \"Ch\",","    \"Co\",","    \"cc\",","    \"Corp\",","    \"Dem\",","    \"Dept\",","    \"ed\",","    \"eg\",","    \"Eq\",","    \"Eqs\",","    \"est\",","    \"est\",","    \"etc\",","    \"Ex\",","    \"ext\", // + number?","    \"Fig\",","    \"fig\",","    \"Figs\",","    \"figs\",","    \"i.e\",","    \"ie\",","    \"Inc\",","    \"inc\",","    \"Jan\",\"Feb\",\"Mar\",\"Apr\",\"Jun\",\"Jul\",\"Aug\",\"Sep\",\"Sept\",\"Oct\",\"Nov\",\"Dec\",","    \"jr\",","    \"mi\",","    \"Miss\", \"Mrs\", \"Mr\", \"Ms\",","    \"Mol\",","    \"mt\",","    \"mts\",","    \"no\",","    \"Nos\",","    \"PhD\", \"MD\", \"BA\", \"MA\", \"MM\",","    \"pl\",","    \"pop\",","    \"pp\",","    \"Prof\", \"Dr\",","    \"pt\",","    \"Ref\",","    \"Refs\",","    \"Rep\",","    \"repr\",","    \"rev\",","    \"Sec\",","    \"Secs\",","    \"Sgt\", \"Col\", \"Gen\", \"Rep\", \"Sen\",'Gov', \"Lt\", \"Maj\", \"Capt\",\"St\",","    \"Sr\", \"sr\", \"Jr\", \"jr\", \"Rev\",","    \"Sun\",\"Mon\",\"Tu\",\"Tue\",\"Tues\",\"Wed\",\"Th\",\"Thu\",\"Thur\",\"Thurs\",\"Fri\",\"Sat\",","    \"trans\",","    \"Univ\",","    \"Viz\",","    \"Vol\",","    \"vs\",","    \"v\",","];","","exports.setAbbreviations = function(abbr) {","    if(abbr){","        abbreviations = abbr;","    } else {","        abbreviations = englishAbbreviations;","    }","}","","exports.isCapitalized = function(str) {","    return /^[A-Z][a-z].*/.test(str) || this.isNumber(str);","}","","// Start with opening quotes or capitalized letter","exports.isSentenceStarter = function(str) {","    return this.isCapitalized(str) || /``|\"|'/.test(str.substring(0,2));","}","","exports.isCommonAbbreviation = function(str) {","    return ~abbreviations.indexOf(str.replace(/\\W+/g, ''));","}","","// This is going towards too much rule based","exports.isTimeAbbreviation = function(word, next) {","    if (word === \"a.m.\" || word === \"p.m.\") {","        var tmp = next.replace(/\\W+/g, '').slice(-3).toLowerCase();","","        if (tmp === \"day\") {","            return true;","        }","    }","","    return false;","}","","exports.isDottedAbbreviation = function(word) {","    var matches = word.replace(/[\\(\\)\\[\\]\\{\\}]/g, '').match(/(.\\.)*/);","    return matches && matches[0].length > 0;","}","","// TODO look for next words, if multiple capitalized -> not sentence ending","exports.isCustomAbbreviation = function(str) {","    if (str.length <= 3) {","        return true;","    }","","    return this.isCapitalized(str);","}","","// Uses current word count in sentence and next few words to check if it is","// more likely an abbreviation + name or new sentence.","","// ~ TODO Perhaps also consider prev. word?","exports.isNameAbbreviation = function(wordCount, words) {","    if (words.length > 0) {","        if (wordCount < 5 && words[0].length < 6 && this.isCapitalized(words[0])) {","            return true;","        }","","        var capitalized = words.filter(function(str) {","            return /[A-Z]/.test(str.charAt(0));","        });","","        return capitalized.length >= 3;","    }","","    return false;","}","","exports.isNumber = function(str, dotPos) {","    if (dotPos) {","        str = str.slice(dotPos-1, dotPos+2);","    }","","    return !isNaN(str);","};","","// Phone number matching","// http://stackoverflow.com/a/123666/951517","exports.isPhoneNr = function(str) {","    return str.match(/^(?:(?:\\+?1\\s*(?:[.-]\\s*)?)?(?:\\(\\s*([2-9]1[02-9]|[2-9][02-8]1|[2-9][02-8][02-9])\\s*\\)|([2-9]1[02-9]|[2-9][02-8]1|[2-9][02-8][02-9]))\\s*(?:[.-]\\s*)?)?([2-9]1[02-9]|[2-9][02-9]1|[2-9][02-9]{2})\\s*(?:[.-]\\s*)?([0-9]{4})(?:\\s*(?:#|x\\.?|ext\\.?|extension)\\s*(\\d+))?$/);","};","","// Match urls / emails","// http://stackoverflow.com/a/3809435/951517","exports.isURL = function(str) {","    return str.match(/[-a-zA-Z0-9@:%._\\+~#=]{2,256}\\.[a-z]{2,6}\\b([-a-zA-Z0-9@:%_\\+.~#?&//=]*)/);","};","","// Starting a new sentence if beginning with capital letter","// Exception: The word is enclosed in brackets","exports.isConcatenated = function(word) {","    var i = 0;","","    if ((i = word.indexOf(\".\")) > -1 ||","        (i = word.indexOf(\"!\")) > -1 ||","        (i = word.indexOf(\"?\")) > -1)","    {","        var c = word.charAt(i + 1);","","        // Check if the next word starts with a letter","        if (c.match(/[a-zA-Z].*/)) {","            return [word.slice(0, i), word.slice(i+1)];","        }","    }","","    return false;","};","","exports.isBoundaryChar = function(word) {","    return word === \".\" ||","           word === \"!\" ||","           word === \"?\";","};",""],"l":{"1":1,"2":1,"65":1,"66":0,"67":0,"69":0,"73":1,"74":0,"78":1,"79":0,"82":1,"83":0,"87":1,"88":0,"89":0,"91":0,"92":0,"96":0,"99":1,"100":0,"101":0,"105":1,"106":0,"107":0,"110":0,"117":1,"118":0,"119":0,"120":0,"123":0,"124":0,"127":0,"130":0,"133":1,"134":0,"135":0,"138":0,"143":1,"144":0,"149":1,"150":0,"155":1,"156":0,"158":0,"162":0,"165":0,"166":0,"170":0,"173":1,"174":0}},"/home/travis/build/npmtest/node-npmtest-sbd/node_modules/sbd/lib/sanitize-html-browser.js":{"path":"/home/travis/build/npmtest/node-npmtest-sbd/node_modules/sbd/lib/sanitize-html-browser.js","s":{"1":1,"2":0,"3":0,"4":0,"5":0,"6":0,"7":0,"8":0},"b":{"1":[0,0],"2":[0,0],"3":[0,0],"4":[0,0],"5":[0,0],"6":[0,0]},"f":{"1":0},"fnMap":{"1":{"name":"sanitizeHtml","line":2,"loc":{"start":{"line":2,"column":17},"end":{"line":2,"column":51}}}},"statementMap":{"1":{"start":{"line":2,"column":0},"end":{"line":15,"column":2}},"2":{"start":{"line":4,"column":2},"end":{"line":12,"column":3}},"3":{"start":{"line":5,"column":4},"end":{"line":5,"column":45}},"4":{"start":{"line":6,"column":4},"end":{"line":6,"column":26}},"5":{"start":{"line":7,"column":4},"end":{"line":7,"column":44}},"6":{"start":{"line":10,"column":7},"end":{"line":12,"column":3}},"7":{"start":{"line":11,"column":4},"end":{"line":11,"column":43}},"8":{"start":{"line":14,"column":2},"end":{"line":14,"column":14}}},"branchMap":{"1":{"line":4,"type":"if","locations":[{"start":{"line":4,"column":2},"end":{"line":4,"column":2}},{"start":{"line":4,"column":2},"end":{"line":4,"column":2}}]},"2":{"line":4,"type":"binary-expr","locations":[{"start":{"line":4,"column":6},"end":{"line":4,"column":29}},{"start":{"line":4,"column":33},"end":{"line":4,"column":55}}]},"3":{"line":7,"type":"binary-expr","locations":[{"start":{"line":7,"column":13},"end":{"line":7,"column":29}},{"start":{"line":7,"column":33},"end":{"line":7,"column":35}}]},"4":{"line":10,"type":"if","locations":[{"start":{"line":10,"column":7},"end":{"line":10,"column":7}},{"start":{"line":10,"column":7},"end":{"line":10,"column":7}}]},"5":{"line":10,"type":"binary-expr","locations":[{"start":{"line":10,"column":11},"end":{"line":10,"column":35}},{"start":{"line":10,"column":39},"end":{"line":10,"column":55}}]},"6":{"line":11,"type":"binary-expr","locations":[{"start":{"line":11,"column":12},"end":{"line":11,"column":28}},{"start":{"line":11,"column":32},"end":{"line":11,"column":34}}]}},"code":["","module.exports = function sanitizeHtml(text, opts) {","  // Strip HTML from Text using browser HTML parser","  if (typeof text == 'string' || text instanceof String) {","    var $div = document.createElement(\"DIV\");","    $div.innerHTML = text;","    text =  ($div.textContent || '').trim();","  }","  //DOM Object","  else if (typeof text === 'object' && text.textContent) {","    text = (text.textContent || '').trim();","  }","","  return text;","};",""],"l":{"2":1,"4":0,"5":0,"6":0,"7":0,"10":0,"11":0,"14":0}}}